Application/build/outputs/logs/manifest-merger-debug-report.txt
-- Merging decision tree log ---
manifest
ADDED from AndroidManifest.xml:16:1
	package
		ADDED from AndroidManifest.xml:17:5
	android:versionName
		ADDED from AndroidManifest.xml:19:5
	android:versionCode
		ADDED from AndroidManifest.xml:18:5
		INJECTED from AndroidManifest.xml:0:0
		INJECTED from AndroidManifest.xml:0:0
	xmlns:android
		ADDED from AndroidManifest.xml:16:11
uses-feature#android.hardware.bluetooth_le
ADDED from AndroidManifest.xml:30:5
	android:required
		ADDED from AndroidManifest.xml:32:9
	android:name
		ADDED from AndroidManifest.xml:31:9
uses-permission#android.permission.BLUETOOTH
ADDED from AndroidManifest.xml:34:5
	android:name
		ADDED from AndroidManifest.xml:34:22
uses-permission#android.permission.BLUETOOTH_ADMIN
ADDED from AndroidManifest.xml:35:5
	android:name
		ADDED from AndroidManifest.xml:35:22
application
ADDED from AndroidManifest.xml:37:5
MERGED from com.android.support:appcompat-v7:23.2.1:25:5
MERGED from com.android.support:support-v4:23.2.1:22:5
MERGED from com.android.support:animated-vector-drawable:23.2.1:7:5
MERGED from com.android.support:support-vector-drawable:23.2.1:7:5
MERGED from com.android.support:support-v4:23.2.1:22:5
MERGED from com.android.support:support-vector-drawable:23.2.1:7:5
MERGED from com.android.support:support-v4:23.2.1:22:5
	android:label
		ADDED from AndroidManifest.xml:39:9
	android:icon
		ADDED from AndroidManifest.xml:38:9
	android:theme
		ADDED from AndroidManifest.xml:40:9
activity#com.example.android.bluetoothlegatt.DeviceScanActivity
ADDED from AndroidManifest.xml:41:9
	android:label
		ADDED from AndroidManifest.xml:43:13
	android:name
		ADDED from AndroidManifest.xml:42:13
activity#com.example.android.bluetoothlegatt.DeviceControlActivity
ADDED from AndroidManifest.xml:44:9
	android:name
		ADDED from AndroidManifest.xml:44:19
service#com.example.android.bluetoothlegatt.BluetoothLeService
ADDED from AndroidManifest.xml:46:9
	android:enabled
		ADDED from AndroidManifest.xml:48:13
	android:name
		ADDED from AndroidManifest.xml:47:13
activity#com.example.android.bluetoothlegatt.StartingPage
ADDED from AndroidManifest.xml:50:9
	android:label
		ADDED from AndroidManifest.xml:52:13
	android:theme
		ADDED from AndroidManifest.xml:53:17
	android:name
		ADDED from AndroidManifest.xml:51:13
intent-filter#android.intent.action.MAIN+android.intent.category.LAUNCHER
ADDED from AndroidManifest.xml:54:13
action#android.intent.action.MAIN
ADDED from AndroidManifest.xml:55:17
	android:name
		ADDED from AndroidManifest.xml:55:25
category#android.intent.category.LAUNCHER
ADDED from AndroidManifest.xml:57:17
	android:name
		ADDED from AndroidManifest.xml:57:27
activity#com.example.android.bluetoothlegatt.ListOfAnalyzes
ADDED from AndroidManifest.xml:60:9
	android:theme
		ADDED from AndroidManifest.xml:62:13
	android:name
		ADDED from AndroidManifest.xml:61:13
activity#com.example.android.bluetoothlegatt.UserProfileActivity
ADDED from AndroidManifest.xml:63:9
	android:label
		ADDED from AndroidManifest.xml:65:13
	android:name
		ADDED from AndroidManifest.xml:64:13
activity#com.example.android.bluetoothlegatt.ListItemContentandGraph
ADDED from AndroidManifest.xml:68:9
	android:configChanges
		ADDED from AndroidManifest.xml:71:13
	android:theme
		ADDED from AndroidManifest.xml:70:13
	android:name
		ADDED from AndroidManifest.xml:69:13
uses-sdk
INJECTED from AndroidManifest.xml:0:0 reason: use-sdk injection requested
MERGED from com.android.support:appcompat-v7:23.2.1:21:5
MERGED from com.android.support:support-v4:23.2.1:20:5
MERGED from com.android.support:animated-vector-drawable:23.2.1:5:5
MERGED from com.android.support:support-vector-drawable:23.2.1:5:5
MERGED from com.android.support:support-v4:23.2.1:20:5
MERGED from com.android.support:support-vector-drawable:23.2.1:5:5
MERGED from com.android.support:support-v4:23.2.1:20:5
	tools:overrideLibrary
		ADDED from com.android.support:appcompat-v7:23.2.1:23:9
	android:targetSdkVersion
		INJECTED from AndroidManifest.xml:0:0
		INJECTED from AndroidManifest.xml:0:0
	android:minSdkVersion
		INJECTED from AndroidManifest.xml:0:0
		INJECTED from AndroidManifest.xml:0:0